#
# A fatal error has been detected by the Java Runtime Environment:
#
#  EXCEPTION_ACCESS_VIOLATION (0xc0000005) at pc=0x000000006aef4419, pid=2096, tid=3740
#
# JRE version: Java(TM) SE Runtime Environment (7.0_51-b13) (build 1.7.0_51-b13)
# Java VM: Java HotSpot(TM) 64-Bit Server VM (24.51-b03 mixed mode windows-amd64 compressed oops)
# Problematic frame:
# V  [jvm.dll+0x54419]
#
# Failed to write core dump. Minidumps are not enabled by default on client versions of Windows
#
# If you would like to submit a bug report, please visit:
#   http://bugreport.sun.com/bugreport/crash.jsp
#

---------------  T H R E A D  ---------------

Current thread (0x000000000bed7000):  JavaThread "JDWP Transport Listener: dt_socket" daemon [_thread_in_vm, id=3740, stack(0x000000000dcc0000,0x000000000ddc0000)]

siginfo: ExceptionCode=0xc0000005, reading address 0x000000000000000c

Registers:
RAX=0x000000000000000c, RBX=0x000000000bed7000, RCX=0x0000000000000003, RDX=0x0000000000000000
RSP=0x000000000ddbf5d0, RBP=0x000000000000000c, RSI=0x0000000000000000, RDI=0x0000000000000010
R8 =0x00000007d6adea30, R9 =0x0000000000000000, R10=0x0000000000000000, R11=0x0000000000000001
R12=0x0000000000000000, R13=0x000000000212e198, R14=0x0000000000000000, R15=0x0000000000000000
RIP=0x000000006aef4419, EFLAGS=0x0000000000010246

Top of Stack: (sp=0x000000000ddbf5d0)
0x000000000ddbf5d0:   000000000bed7000 0000000000000000
0x000000000ddbf5e0:   0000000000000000 000000000bed7000
0x000000000ddbf5f0:   0000000000000000 000000006afbb2b7
0x000000000ddbf600:   00000007d6adea30 000000000ddbf720
0x000000000ddbf610:   000000000ad0e938 000000000ddbf6f0
0x000000000ddbf620:   000000000bed7000 0000000000000000
0x000000000ddbf630:   000000000ad0e938 000000000ddbf720
0x000000000ddbf640:   0000000000000000 000000000212e198
0x000000000ddbf650:   0000000000000000 00000000640f7d15
0x000000000ddbf660:   000000000ddbf6f0 000000000ddbf720
0x000000000ddbf670:   000000000ad0e938 000000000bed71e8
0x000000000ddbf680:   000000000bf3a60a 00000000640ff08c
0x000000000ddbf690:   0000000002010a01 000000000ddbf790
0x000000000ddbf6a0:   000000000212dd01 000000000ad17360
0x000000000ddbf6b0:   0001707700000013 0000000002010a00
0x000000000ddbf6c0:   0000000002113a00 000000006b02bcca 

Instructions: (pc=0x000000006aef4419)
0x000000006aef43f9:   d2 48 8b c5 eb 18 48 8b d0 48 8b c5 48 d3 e2 48
0x000000006aef4409:   03 15 a1 74 69 00 eb 06 48 8b 12 48 8b c7 48 98
0x000000006aef4419:   8b 14 10 85 d2 74 2a 45 84 db 4c 63 c6 48 0f 45
0x000000006aef4429:   fd 8d 47 0b 48 63 c8 48 83 e1 f8 48 c1 e9 03 8d 


Register to memory mapping:

RAX=0x000000000000000c is an unknown value
RBX=0x000000000bed7000 is a thread
RCX=0x0000000000000003 is an unknown value
RDX=0x0000000000000000 is an unknown value
RSP=0x000000000ddbf5d0 is pointing into the stack for thread: 0x000000000bed7000
RBP=0x000000000000000c is an unknown value
RSI=0x0000000000000000 is an unknown value
RDI=0x0000000000000010 is an unknown value
R8 =0x00000007d6adea30 is an oop
java.lang.String 
 - klass: 'java/lang/String'
R9 =0x0000000000000000 is an unknown value
R10=0x0000000000000000 is an unknown value
R11=0x0000000000000001 is an unknown value
R12=0x0000000000000000 is an unknown value
R13=0x000000000212e198 is an unknown value
R14=0x0000000000000000 is an unknown value
R15=0x0000000000000000 is an unknown value


Stack: [0x000000000dcc0000,0x000000000ddc0000],  sp=0x000000000ddbf5d0,  free space=1021k
Native frames: (J=compiled Java code, j=interpreted, Vv=VM code, C=native code)
V  [jvm.dll+0x54419]


---------------  P R O C E S S  ---------------

Java Threads: ( => current thread )
  0x000000000befd000 JavaThread "Service Thread" daemon [_thread_blocked, id=5940, stack(0x000000000d3c0000,0x000000000d4c0000)]
  0x000000000befc800 JavaThread "C2 CompilerThread1" daemon [_thread_blocked, id=5148, stack(0x000000000e500000,0x000000000e600000)]
  0x000000000befb000 JavaThread "C2 CompilerThread0" daemon [_thread_blocked, id=5456, stack(0x000000000e310000,0x000000000e410000)]
  0x000000000bee0800 JavaThread "JDWP Command Reader" daemon [_thread_in_native, id=5944, stack(0x000000000e190000,0x000000000e290000)]
  0x000000000bee0000 JavaThread "JDWP Event Helper Thread" daemon [_thread_blocked, id=780, stack(0x000000000def0000,0x000000000dff0000)]
=>0x000000000bed7000 JavaThread "JDWP Transport Listener: dt_socket" daemon [_thread_in_vm, id=3740, stack(0x000000000dcc0000,0x000000000ddc0000)]
  0x000000000ad26000 JavaThread "Attach Listener" daemon [_thread_blocked, id=3284, stack(0x000000000d560000,0x000000000d660000)]
  0x000000000ad25800 JavaThread "Signal Dispatcher" daemon [_thread_blocked, id=5496, stack(0x000000000d2c0000,0x000000000d3c0000)]
  0x000000000ad15800 JavaThread "Finalizer" daemon [_thread_blocked, id=4864, stack(0x000000000d170000,0x000000000d270000)]
  0x000000000ad0f000 JavaThread "Reference Handler" daemon [_thread_blocked, id=5244, stack(0x000000000d060000,0x000000000d160000)]
  0x0000000002108000 JavaThread "main" [_thread_blocked, id=5836, stack(0x00000000021b0000,0x00000000022b0000)]

Other Threads:
  0x000000000ad0b800 VMThread [stack: 0x000000000ce80000,0x000000000cf80000] [id=6072]
  0x000000000bf10800 WatcherThread [stack: 0x000000000e630000,0x000000000e730000] [id=5688]

VM state:not at safepoint (normal execution)

VM Mutex/Monitor currently owned by a thread: None

Heap
 PSYoungGen      total 71680K, used 21503K [0x00000007d5c80000, 0x00000007da780000, 0x0000000800000000)
  eden space 66560K, 24% used [0x00000007d5c80000,0x00000007d6c7fdb8,0x00000007d9d80000)
  from space 5120K, 100% used [0x00000007da280000,0x00000007da780000,0x00000007da780000)
  to   space 5120K, 0% used [0x00000007d9d80000,0x00000007d9d80000,0x00000007da280000)
 ParOldGen       total 86016K, used 53045K [0x0000000781600000, 0x0000000786a00000, 0x00000007d5c80000)
  object space 86016K, 61% used [0x0000000781600000,0x00000007849cd7c8,0x0000000786a00000)
 PSPermGen       total 21504K, used 3505K [0x000000077c400000, 0x000000077d900000, 0x0000000781600000)
  object space 21504K, 16% used [0x000000077c400000,0x000000077c76c558,0x000000077d900000)

Card table byte_map: [0x00000000053f0000,0x0000000005810000] byte_map_base: 0x000000000180e000

Polling page: 0x0000000000330000

Code Cache  [0x0000000002330000, 0x00000000025a0000, 0x0000000005330000)
 total_blobs=242 nmethods=57 adapters=145 free_code_cache=48661Kb largest_free_block=49801600

Compilation events (10 events):
Event: 0.271 Thread 0x000000000befc800 nmethod 53 0x00000000023a4c90 code [0x00000000023a4de0, 0x00000000023a4e48]
Event: 0.271 Thread 0x000000000befc800   54             java.util.HashMap::put (142 bytes)
Event: 0.272 Thread 0x000000000befb000 nmethod 49 0x00000000023a4690 code [0x00000000023a4800, 0x00000000023a4a88]
Event: 0.277 Thread 0x000000000befc800 nmethod 54 0x000000000239c710 code [0x000000000239c900, 0x000000000239d1f0]
Event: 0.278 Thread 0x000000000befb000   55 %           com.zuooh.attribute.AttributeMarshallerMapPerformanceTest::testMarshallerPerformance @ 30 (818 bytes)
Event: 0.353 Thread 0x000000000befb000 nmethod 55% 0x00000000023abcd0 code [0x00000000023ac0e0, 0x00000000023aef98]
Event: 0.425 Thread 0x000000000befc800   56             java.lang.String::charAt (29 bytes)
Event: 0.426 Thread 0x000000000befc800 nmethod 56 0x000000000239a790 code [0x000000000239a8e0, 0x000000000239a9b8]
Event: 0.430 Thread 0x000000000befb000   57             java.lang.String::replace (127 bytes)
Event: 0.435 Thread 0x000000000befb000 nmethod 57 0x00000000023a9790 code [0x00000000023a9900, 0x00000000023a9e48]

GC Heap History (4 events):
Event: 0.320 GC heap before
{Heap before GC invocations=1 (full 0):
 PSYoungGen      total 38400K, used 33280K [0x00000007d5c80000, 0x00000007d8700000, 0x0000000800000000)
  eden space 33280K, 100% used [0x00000007d5c80000,0x00000007d7d00000,0x00000007d7d00000)
  from space 5120K, 0% used [0x00000007d8200000,0x00000007d8200000,0x00000007d8700000)
  to   space 5120K, 0% used [0x00000007d7d00000,0x00000007d7d00000,0x00000007d8200000)
 ParOldGen       total 86016K, used 0K [0x0000000781600000, 0x0000000786a00000, 0x00000007d5c80000)
  object space 86016K, 0% used [0x0000000781600000,0x0000000781600000,0x0000000786a00000)
 PSPermGen       total 21504K, used 2779K [0x000000077c400000, 0x000000077d900000, 0x0000000781600000)
  object space 21504K, 12% used [0x000000077c400000,0x000000077c6b6c48,0x000000077d900000)
Event: 0.351 GC heap after
Heap after GC invocations=1 (full 0):
 PSYoungGen      total 38400K, used 5104K [0x00000007d5c80000, 0x00000007da780000, 0x0000000800000000)
  eden space 33280K, 0% used [0x00000007d5c80000,0x00000007d5c80000,0x00000007d7d00000)
  from space 5120K, 99% used [0x00000007d7d00000,0x00000007d81fc010,0x00000007d8200000)
  to   space 5120K, 0% used [0x00000007da280000,0x00000007da280000,0x00000007da780000)
 ParOldGen       total 86016K, used 24157K [0x0000000781600000, 0x0000000786a00000, 0x00000007d5c80000)
  object space 86016K, 28% used [0x0000000781600000,0x0000000782d977c8,0x0000000786a00000)
 PSPermGen       total 21504K, used 2779K [0x000000077c400000, 0x000000077d900000, 0x0000000781600000)
  object space 21504K, 12% used [0x000000077c400000,0x000000077c6b6c48,0x000000077d900000)
}
Event: 0.369 GC heap before
{Heap before GC invocations=2 (full 0):
 PSYoungGen      total 38400K, used 38384K [0x00000007d5c80000, 0x00000007da780000, 0x0000000800000000)
  eden space 33280K, 100% used [0x00000007d5c80000,0x00000007d7d00000,0x00000007d7d00000)
  from space 5120K, 99% used [0x00000007d7d00000,0x00000007d81fc010,0x00000007d8200000)
  to   space 5120K, 0% used [0x00000007da280000,0x00000007da280000,0x00000007da780000)
 ParOldGen       total 86016K, used 24157K [0x0000000781600000, 0x0000000786a00000, 0x00000007d5c80000)
  object space 86016K, 28% used [0x0000000781600000,0x0000000782d977c8,0x0000000786a00000)
 PSPermGen       total 21504K, used 2781K [0x000000077c400000, 0x000000077d900000, 0x0000000781600000)
  object space 21504K, 12% used [0x000000077c400000,0x000000077c6b77f0,0x000000077d900000)
Event: 0.407 GC heap after
Heap after GC invocations=2 (full 0):
 PSYoungGen      total 71680K, used 5120K [0x00000007d5c80000, 0x00000007da780000, 0x0000000800000000)
  eden space 66560K, 0% used [0x00000007d5c80000,0x00000007d5c80000,0x00000007d9d80000)
  from space 5120K, 100% used [0x00000007da280000,0x00000007da780000,0x00000007da780000)
  to   space 5120K, 0% used [0x00000007d9d80000,0x00000007d9d80000,0x00000007da280000)
 ParOldGen       total 86016K, used 53045K [0x0000000781600000, 0x0000000786a00000, 0x00000007d5c80000)
  object space 86016K, 61% used [0x0000000781600000,0x00000007849cd7c8,0x0000000786a00000)
 PSPermGen       total 21504K, used 2781K [0x000000077c400000, 0x000000077d900000, 0x0000000781600000)
  object space 21504K, 12% used [0x000000077c400000,0x000000077c6b77f0,0x000000077d900000)
}

Deoptimization events (10 events):
Event: 0.416 Thread 0x0000000002108000 Uncommon trap: reason=class_check action=maybe_recompile pc=0x000000000239cec4 method=java.util.HashMap.put(Ljava/lang/Object;Ljava/lang/Object;)Ljava/lang/Object; @ 137
Event: 0.416 Thread 0x0000000002108000 Uncommon trap: reason=class_check action=maybe_recompile pc=0x000000000239518c method=java.util.HashMap.addEntry(ILjava/lang/Object;Ljava/lang/Object;I)V @ 65
Event: 0.416 Thread 0x0000000002108000 Uncommon trap: reason=class_check action=maybe_recompile pc=0x000000000239cec4 method=java.util.HashMap.put(Ljava/lang/Object;Ljava/lang/Object;)Ljava/lang/Object; @ 137
Event: 0.416 Thread 0x0000000002108000 Uncommon trap: reason=class_check action=maybe_recompile pc=0x000000000239518c method=java.util.HashMap.addEntry(ILjava/lang/Object;Ljava/lang/Object;I)V @ 65
Event: 0.420 Thread 0x0000000002108000 Uncommon trap: reason=class_check action=maybe_recompile pc=0x000000000239cec4 method=java.util.HashMap.put(Ljava/lang/Object;Ljava/lang/Object;)Ljava/lang/Object; @ 137
Event: 0.420 Thread 0x0000000002108000 Uncommon trap: reason=class_check action=maybe_recompile pc=0x000000000239518c method=java.util.HashMap.addEntry(ILjava/lang/Object;Ljava/lang/Object;I)V @ 65
Event: 0.421 Thread 0x0000000002108000 Uncommon trap: reason=class_check action=maybe_recompile pc=0x000000000239f334 method=java.util.HashMap.<init>(IF)V @ 115
Event: 0.425 Thread 0x0000000002108000 Uncommon trap: reason=class_check action=maybe_recompile pc=0x000000000239f334 method=java.util.HashMap.<init>(IF)V @ 115
Event: 0.428 Thread 0x0000000002108000 Uncommon trap: reason=class_check action=maybe_recompile pc=0x000000000239f334 method=java.util.HashMap.<init>(IF)V @ 115
Event: 0.431 Thread 0x0000000002108000 Uncommon trap: reason=class_check action=maybe_recompile pc=0x0000000002390ad8 method=java.util.HashMap.<init>(IF)V @ 115

Internal exceptions (10 events):
Event: 0.437 Thread 0x0000000002108000 Threw 0x00000007d6a97a70 at C:\re\jdk7u51\527\hotspot\src\share\vm\prims\jvm.cpp:1244
Event: 0.437 Thread 0x0000000002108000 Threw 0x00000007d6a9a820 at C:\re\jdk7u51\527\hotspot\src\share\vm\prims\jvm.cpp:1244
Event: 0.437 Thread 0x0000000002108000 Threw 0x00000007d6a9e6f0 at C:\re\jdk7u51\527\hotspot\src\share\vm\prims\jvm.cpp:1244
Event: 0.438 Thread 0x0000000002108000 Threw 0x00000007d6aa3280 at C:\re\jdk7u51\527\hotspot\src\share\vm\prims\jvm.cpp:1244
Event: 158.770 Thread 0x0000000002108000 Threw 0x00000007d6ab9730 at C:\re\jdk7u51\527\hotspot\src\share\vm\prims\jvm.cpp:1244
Event: 158.774 Thread 0x0000000002108000 Threw 0x00000007d6abdf78 at C:\re\jdk7u51\527\hotspot\src\share\vm\prims\jvm.cpp:1244
Event: 158.776 Thread 0x0000000002108000 Threw 0x00000007d6ac0a80 at C:\re\jdk7u51\527\hotspot\src\share\vm\prims\jvm.cpp:1244
Event: 158.778 Thread 0x0000000002108000 Threw 0x00000007d6ac3b18 at C:\re\jdk7u51\527\hotspot\src\share\vm\prims\jvm.cpp:1244
Event: 189.211 Thread 0x0000000002108000 Threw 0x00000007d6ad7478 at C:\re\jdk7u51\527\hotspot\src\share\vm\prims\jvm.cpp:1244
Event: 251.276 Thread 0x0000000002108000 Threw 0x00000007d6ada3b0 at C:\re\jdk7u51\527\hotspot\src\share\vm\prims\jvm.cpp:1244

Events (10 events):
Event: 387.027 Executing VM operation: GetCurrentLocation
Event: 387.027 Executing VM operation: GetCurrentLocation done
Event: 387.027 Executing VM operation: ChangeSingleStep
Event: 387.028 Executing VM operation: ChangeSingleStep done
Event: 387.028 Executing VM operation: ChangeSingleStep
Event: 387.028 Executing VM operation: ChangeSingleStep done
Event: 387.053 Executing VM operation: GetOrSetLocal
Event: 387.053 Executing VM operation: GetOrSetLocal done
Event: 387.058 Executing VM operation: GetOrSetLocal
Event: 387.058 Executing VM operation: GetOrSetLocal done


Dynamic libraries:
0x000000013f960000 - 0x000000013f993000 	C:\Program Files\Java\jdk1.7.0_51\bin\javaw.exe
0x0000000077450000 - 0x00000000775f9000 	C:\Windows\SYSTEM32\ntdll.dll
0x0000000077230000 - 0x000000007734f000 	C:\Windows\system32\kernel32.dll
0x000007fefd290000 - 0x000007fefd2fc000 	C:\Windows\system32\KERNELBASE.dll
0x000007fefe120000 - 0x000007fefe1fb000 	C:\Windows\system32\ADVAPI32.dll
0x000007fefd830000 - 0x000007fefd8cf000 	C:\Windows\system32\msvcrt.dll
0x000007fefe7b0000 - 0x000007fefe7cf000 	C:\Windows\SYSTEM32\sechost.dll
0x000007fefe300000 - 0x000007fefe42d000 	C:\Windows\system32\RPCRT4.dll
0x0000000077350000 - 0x000000007744a000 	C:\Windows\system32\USER32.dll
0x000007fefd770000 - 0x000007fefd7d7000 	C:\Windows\system32\GDI32.dll
0x000007fefde40000 - 0x000007fefde4e000 	C:\Windows\system32\LPK.dll
0x000007fefe4d0000 - 0x000007fefe599000 	C:\Windows\system32\USP10.dll
0x000007fefb710000 - 0x000007fefb904000 	C:\Windows\WinSxS\amd64_microsoft.windows.common-controls_6595b64144ccf1df_6.0.7601.17514_none_fa396087175ac9ac\COMCTL32.dll
0x000007feff5c0000 - 0x000007feff631000 	C:\Windows\system32\SHLWAPI.dll
0x000007fefde10000 - 0x000007fefde3e000 	C:\Windows\system32\IMM32.DLL
0x000007fefdb20000 - 0x000007fefdc29000 	C:\Windows\system32\MSCTF.dll
0x0000000064210000 - 0x00000000642e2000 	C:\Program Files\Java\jdk1.7.0_51\jre\bin\msvcr100.dll
0x000000006aea0000 - 0x000000006b669000 	C:\Program Files\Java\jdk1.7.0_51\jre\bin\server\jvm.dll
0x000007fef3d90000 - 0x000007fef3d99000 	C:\Windows\system32\WSOCK32.dll
0x000007fefd7e0000 - 0x000007fefd82d000 	C:\Windows\system32\WS2_32.dll
0x000007fefd760000 - 0x000007fefd768000 	C:\Windows\system32\NSI.dll
0x000007fefa2b0000 - 0x000007fefa2eb000 	C:\Windows\system32\WINMM.dll
0x0000000077620000 - 0x0000000077627000 	C:\Windows\system32\PSAPI.DLL
0x000000006f8c0000 - 0x000000006f8cf000 	C:\Program Files\Java\jdk1.7.0_51\jre\bin\verify.dll
0x000000006f3b0000 - 0x000000006f3d8000 	C:\Program Files\Java\jdk1.7.0_51\jre\bin\java.dll
0x00000000640f0000 - 0x0000000064125000 	C:\Program Files\Java\jdk1.7.0_51\jre\bin\jdwp.dll
0x00000000640e0000 - 0x00000000640e8000 	C:\Program Files\Java\jdk1.7.0_51\jre\bin\npt.dll
0x000000006f390000 - 0x000000006f3a5000 	C:\Program Files\Java\jdk1.7.0_51\jre\bin\zip.dll
0x00000000640d0000 - 0x00000000640d9000 	C:\Program Files\Java\jdk1.7.0_51\jre\bin\dt_socket.dll
0x000007fefbe90000 - 0x000007fefbea5000 	C:\Windows\system32\NLAapi.dll
0x000007fef3de0000 - 0x000007fef3df5000 	C:\Windows\system32\napinsp.dll
0x000007fef3dc0000 - 0x000007fef3dd9000 	C:\Windows\system32\pnrpnsp.dll
0x000007fefc9f0000 - 0x000007fefca45000 	C:\Windows\System32\mswsock.dll
0x000007fefc870000 - 0x000007fefc8cb000 	C:\Windows\system32\DNSAPI.dll
0x000007fef3db0000 - 0x000007fef3dbb000 	C:\Windows\System32\winrnr.dll
0x000007fef3da0000 - 0x000007fef3db0000 	C:\Windows\system32\wshbth.dll
0x000007fefb690000 - 0x000007fefb6b7000 	C:\Windows\system32\IPHLPAPI.DLL
0x000007fefb680000 - 0x000007fefb68b000 	C:\Windows\system32\WINNSI.DLL
0x000007fefb510000 - 0x000007fefb563000 	C:\Windows\System32\fwpuclnt.dll
0x000007fefa0e0000 - 0x000007fefa0e8000 	C:\Windows\system32\rasadhlp.dll
0x000007fefc3b0000 - 0x000007fefc3b7000 	C:\Windows\System32\wshtcpip.dll
0x000007feed020000 - 0x000007feed145000 	C:\Windows\system32\dbghelp.dll

VM Arguments:
jvm_args: -agentlib:jdwp=transport=dt_socket,suspend=y,address=localhost:50734 -Dfile.encoding=Cp1252 
java_command: com.zuooh.attribute.AttributeMarshallerMapPerformanceTest
Launcher Type: SUN_STANDARD

Environment Variables:
JAVA_HOME=C:\Program Files\Java\jdk1.7.0_51
PATH=C:\Program Files\Java\jdk1.7.0_51\jre\bin;C:/Program Files/Java/jdk1.7.0_51/bin/../jre/bin/server;C:/Program Files/Java/jdk1.7.0_51/bin/../jre/bin;C:/Program Files/Java/jdk1.7.0_51/bin/../jre/lib/amd64;C:\Program Files\Java\jdk1.7.0_51\bin;C:\Windows\system32;C:\Windows;C:\Windows\System32\Wbem;C:\Windows\System32\WindowsPowerShell\v1.0\;C:\Program Files (x86)\Git\bin;C:\Program Files\Maven\3.0.4\bin;C:\Program Files\Ant\1.9.3\bin;C:\Program Files\TortoiseSVN\bin;C:\Program Files (x86)\Windows Kits\8.1\Windows Performance Toolkit\;C:\Program Files\Microsoft SQL Server\110\Tools\Binn\;C:\Program Files (x86)\Microsoft SDKs\TypeScript\1.0\;C:\Program Files\Google\Cloud SDK\google-cloud-sdk\bin;C:\Program Files (x86)\GNU\GnuPG\pub;C:\Program Files\Eclipse\luna-classic;
USERNAME=Niall
OS=Windows_NT
PROCESSOR_IDENTIFIER=Intel64 Family 6 Model 58 Stepping 9, GenuineIntel



---------------  S Y S T E M  ---------------

OS: Windows 7 , 64 bit Build 7601 Service Pack 1

CPU:total 8 (4 cores per cpu, 2 threads per core) family 6 model 58 stepping 9, cmov, cx8, fxsr, mmx, sse, sse2, sse3, ssse3, sse4.1, sse4.2, popcnt, avx, aes, erms, ht, tsc, tscinvbit, tscinv

Memory: 4k page, physical 8293068k(4289212k free), swap 16584272k(11742256k free)

vm_info: Java HotSpot(TM) 64-Bit Server VM (24.51-b03) for windows-amd64 JRE (1.7.0_51-b13), built on Dec 18 2013 18:40:56 by "java_re" with unknown MS VC++:1600

time: Wed Dec 31 17:39:12 2014
elapsed time: 387 seconds

